<?xml version="1.0" encoding="UTF-8"?>
<!-- Generated by org.testng.reporters.JUnitXMLReporter -->
<testsuite hostname="DusanPCD" ignored="0" name="Default test" tests="6" failures="0" timestamp="2022-10-11T20:24:52 CEST" time="14.383" errors="0">
  <testcase name="visitsTheAdminCitiesPageAndListCities" time="1.234" classname="tests.Admin_Cities_Test"/>
  <testcase name="checksInputTypesForCreateEditNewCity" time="0.951" classname="tests.Admin_Cities_Test"/>
  <testcase name="createNewCity" time="1.577" classname="tests.Admin_Cities_Test"/>
  <testcase name="editCity" time="2.341" classname="tests.Admin_Cities_Test"/>
  <testcase name="searchCity" time="0.635" classname="tests.Admin_Cities_Test"/>
  <testcase name="deleteCity" time="2.33" classname="tests.Admin_Cities_Test"/>
</testsuite> <!-- Default test -->
