<?xml version="1.0" encoding="UTF-8"?>
<testng-results skipped="0" failed="0" ignored="0" total="6" passed="6">
  <reporter-output>
  </reporter-output>
  <suite name="Default suite" duration-ms="14383" started-at="2022-10-11T20:24:38 CEST" finished-at="2022-10-11T20:24:52 CEST">
    <groups>
    </groups>
    <test name="Default test" duration-ms="14383" started-at="2022-10-11T20:24:38 CEST" finished-at="2022-10-11T20:24:52 CEST">
      <class name="tests.Admin_Cities_Test">
        <test-method status="PASS" signature="setup()[pri:0, instance:tests.Admin_Cities_Test@7cbd213e]" name="setup" is-config="true" duration-ms="2369" started-at="2022-10-11T20:24:38 CEST" finished-at="2022-10-11T20:24:40 CEST">
          <reporter-output>
          </reporter-output>
        </test-method> <!-- setup -->
        <test-method status="PASS" signature="beforeMethod()[pri:0, instance:tests.Admin_Cities_Test@7cbd213e]" name="beforeMethod" is-config="true" duration-ms="1055" started-at="2022-10-11T20:24:40 CEST" finished-at="2022-10-11T20:24:41 CEST">
          <reporter-output>
          </reporter-output>
        </test-method> <!-- beforeMethod -->
        <test-method status="PASS" signature="visitsTheAdminCitiesPageAndListCities()[pri:10, instance:tests.Admin_Cities_Test@7cbd213e]" name="visitsTheAdminCitiesPageAndListCities" duration-ms="1234" started-at="2022-10-11T20:24:41 CEST" finished-at="2022-10-11T20:24:42 CEST">
          <reporter-output>
          </reporter-output>
        </test-method> <!-- visitsTheAdminCitiesPageAndListCities -->
        <test-method status="PASS" signature="afterMethod()[pri:0, instance:tests.Admin_Cities_Test@7cbd213e]" name="afterMethod" is-config="true" duration-ms="1" started-at="2022-10-11T20:24:42 CEST" finished-at="2022-10-11T20:24:42 CEST">
          <reporter-output>
          </reporter-output>
        </test-method> <!-- afterMethod -->
        <test-method status="PASS" signature="beforeMethod()[pri:0, instance:tests.Admin_Cities_Test@7cbd213e]" name="beforeMethod" is-config="true" duration-ms="298" started-at="2022-10-11T20:24:42 CEST" finished-at="2022-10-11T20:24:43 CEST">
          <reporter-output>
          </reporter-output>
        </test-method> <!-- beforeMethod -->
        <test-method status="PASS" signature="checksInputTypesForCreateEditNewCity()[pri:20, instance:tests.Admin_Cities_Test@7cbd213e]" name="checksInputTypesForCreateEditNewCity" duration-ms="951" started-at="2022-10-11T20:24:43 CEST" finished-at="2022-10-11T20:24:44 CEST">
          <reporter-output>
          </reporter-output>
        </test-method> <!-- checksInputTypesForCreateEditNewCity -->
        <test-method status="PASS" signature="afterMethod()[pri:0, instance:tests.Admin_Cities_Test@7cbd213e]" name="afterMethod" is-config="true" duration-ms="0" started-at="2022-10-11T20:24:44 CEST" finished-at="2022-10-11T20:24:44 CEST">
          <reporter-output>
          </reporter-output>
        </test-method> <!-- afterMethod -->
        <test-method status="PASS" signature="beforeMethod()[pri:0, instance:tests.Admin_Cities_Test@7cbd213e]" name="beforeMethod" is-config="true" duration-ms="213" started-at="2022-10-11T20:24:44 CEST" finished-at="2022-10-11T20:24:44 CEST">
          <reporter-output>
          </reporter-output>
        </test-method> <!-- beforeMethod -->
        <test-method status="PASS" signature="createNewCity()[pri:30, instance:tests.Admin_Cities_Test@7cbd213e]" name="createNewCity" duration-ms="1577" started-at="2022-10-11T20:24:44 CEST" finished-at="2022-10-11T20:24:45 CEST">
          <reporter-output>
          </reporter-output>
        </test-method> <!-- createNewCity -->
        <test-method status="PASS" signature="beforeMethod()[pri:0, instance:tests.Admin_Cities_Test@7cbd213e]" name="beforeMethod" is-config="true" duration-ms="261" started-at="2022-10-11T20:24:45 CEST" finished-at="2022-10-11T20:24:46 CEST">
          <reporter-output>
          </reporter-output>
        </test-method> <!-- beforeMethod -->
        <test-method status="PASS" signature="afterMethod()[pri:0, instance:tests.Admin_Cities_Test@7cbd213e]" name="afterMethod" is-config="true" duration-ms="0" started-at="2022-10-11T20:24:45 CEST" finished-at="2022-10-11T20:24:45 CEST">
          <reporter-output>
          </reporter-output>
        </test-method> <!-- afterMethod -->
        <test-method status="PASS" signature="editCity()[pri:40, instance:tests.Admin_Cities_Test@7cbd213e]" name="editCity" duration-ms="2341" started-at="2022-10-11T20:24:46 CEST" finished-at="2022-10-11T20:24:48 CEST">
          <reporter-output>
          </reporter-output>
        </test-method> <!-- editCity -->
        <test-method status="PASS" signature="beforeMethod()[pri:0, instance:tests.Admin_Cities_Test@7cbd213e]" name="beforeMethod" is-config="true" duration-ms="220" started-at="2022-10-11T20:24:48 CEST" finished-at="2022-10-11T20:24:48 CEST">
          <reporter-output>
          </reporter-output>
        </test-method> <!-- beforeMethod -->
        <test-method status="PASS" signature="afterMethod()[pri:0, instance:tests.Admin_Cities_Test@7cbd213e]" name="afterMethod" is-config="true" duration-ms="0" started-at="2022-10-11T20:24:48 CEST" finished-at="2022-10-11T20:24:48 CEST">
          <reporter-output>
          </reporter-output>
        </test-method> <!-- afterMethod -->
        <test-method status="PASS" signature="searchCity()[pri:50, instance:tests.Admin_Cities_Test@7cbd213e]" name="searchCity" duration-ms="635" started-at="2022-10-11T20:24:48 CEST" finished-at="2022-10-11T20:24:49 CEST">
          <reporter-output>
          </reporter-output>
        </test-method> <!-- searchCity -->
        <test-method status="PASS" signature="afterMethod()[pri:0, instance:tests.Admin_Cities_Test@7cbd213e]" name="afterMethod" is-config="true" duration-ms="0" started-at="2022-10-11T20:24:49 CEST" finished-at="2022-10-11T20:24:49 CEST">
          <reporter-output>
          </reporter-output>
        </test-method> <!-- afterMethod -->
        <test-method status="PASS" signature="beforeMethod()[pri:0, instance:tests.Admin_Cities_Test@7cbd213e]" name="beforeMethod" is-config="true" duration-ms="213" started-at="2022-10-11T20:24:49 CEST" finished-at="2022-10-11T20:24:49 CEST">
          <reporter-output>
          </reporter-output>
        </test-method> <!-- beforeMethod -->
        <test-method status="PASS" signature="deleteCity()[pri:60, instance:tests.Admin_Cities_Test@7cbd213e]" name="deleteCity" duration-ms="2330" started-at="2022-10-11T20:24:49 CEST" finished-at="2022-10-11T20:24:51 CEST">
          <reporter-output>
          </reporter-output>
        </test-method> <!-- deleteCity -->
        <test-method status="PASS" signature="afterMethod()[pri:0, instance:tests.Admin_Cities_Test@7cbd213e]" name="afterMethod" is-config="true" duration-ms="1" started-at="2022-10-11T20:24:51 CEST" finished-at="2022-10-11T20:24:51 CEST">
          <reporter-output>
          </reporter-output>
        </test-method> <!-- afterMethod -->
        <test-method status="PASS" signature="afterClass()[pri:0, instance:tests.Admin_Cities_Test@7cbd213e]" name="afterClass" is-config="true" duration-ms="636" started-at="2022-10-11T20:24:51 CEST" finished-at="2022-10-11T20:24:52 CEST">
          <reporter-output>
          </reporter-output>
        </test-method> <!-- afterClass -->
      </class> <!-- tests.Admin_Cities_Test -->
    </test> <!-- Default test -->
  </suite> <!-- Default suite -->
</testng-results>
